<?xml version="1.0" encoding="UTF-8"?>
<!-- Generated by org.testng.reporters.JUnitXMLReporter -->
<testsuite ignored="0" hostname="DESKTOP-UK5D04V" failures="0" tests="3" name="Default test" time="44.392" errors="0" timestamp="2024-04-10T08:54:24 IST">
  <testcase classname="testScripts.ExcelObjectTest" name="validLogin" time="1.029"/>
  <testcase classname="testScripts.ExcelObjectTest" name="validLogin" time="1.019"/>
  <testcase classname="testScripts.ExcelObjectTest" name="validLogin" time="1.01"/>
</testsuite> <!-- Default test -->
