<?xml version="1.0" encoding="UTF-8"?>
<!-- Generated by org.testng.reporters.JUnitXMLReporter -->
<testsuite ignored="1" hostname="EC2AMAZ-S11DBRH" failures="0" tests="1" name="ModuleOneTest(failed)" time="7.107" errors="0" timestamp="2023-10-25T14:19:28 GMT">
  <testcase classname="testScripts.GooglePageTest" name="javaSearchTest" time="4.277"/>
  <testcase classname="testScripts.GooglePageTest" name="seleniumSearchTest" time="0.0">
    <ignored/>
  </testcase> <!-- seleniumSearchTest -->
</testsuite> <!-- ModuleOneTest(failed) -->
