<?xml version="1.0" encoding="UTF-8"?>
<!-- Generated by org.testng.reporters.JUnitXMLReporter -->
<testsuite ignored="0" hostname="EC2AMAZ-S11DBRH" failures="1" tests="3" name="ModuleOneTest" time="16.38" errors="0" timestamp="2023-10-25T14:16:24 GMT">
  <testcase classname="testScripts.GooglePageTest" name="javaSearchTest" time="4.143">
    <failure type="java.lang.AssertionError" message="expected [Java Tutorial - Google Search page] but found [Java Tutorial - Google Search]">
      <![CDATA[java.lang.AssertionError: expected [Java Tutorial - Google Search page] but found [Java Tutorial - Google Search]
at testScripts.GooglePageTest.javaSearchTest(GooglePageTest.java:41)
at java.base/java.util.ArrayList.forEach(ArrayList.java:1511)
... Removed 33 stack frames]]>
    </failure>
  </testcase> <!-- javaSearchTest -->
  <testcase classname="testScripts.GooglePageTest" name="seleniumSearchTest" time="3.657"/>
  <testcase classname="testScripts.SampleTest" name="cypressSearchTest" time="5.71"/>
</testsuite> <!-- ModuleOneTest -->
