<?xml version="1.0" encoding="UTF-8"?>
<!-- Generated by org.testng.reporters.JUnitXMLReporter -->
<testsuite ignored="4" hostname="DESKTOP-UK5D04V" failures="0" tests="0" time="0.016" errors="0" timestamp="2024-03-21T14:32:28 IST">
  <testcase classname="testScripts.GooglePageTest" name="appiumSearchTest" time="0.0">
    <ignored/>
  </testcase> <!-- appiumSearchTest -->
  <testcase classname="testScripts.GooglePageTest" name="seleniumSearchTest" time="0.0">
    <ignored/>
  </testcase> <!-- seleniumSearchTest -->
  <testcase classname="testScripts.GooglePageTest" name="javaSearchTest" time="0.0">
    <ignored/>
  </testcase> <!-- javaSearchTest -->
  <testcase classname="testScripts.GooglePageTest" name="cucumberSearchTest" time="0.0">
    <ignored/>
  </testcase> <!-- cucumberSearchTest -->
</testsuite>
