<?xml version="1.0" encoding="UTF-8"?>
<!-- Generated by org.testng.reporters.JUnitXMLReporter -->
<testsuite ignored="0" hostname="EC2AMAZ-S11DBRH" failures="0" tests="4" name="ModuleTwoTest" time="0.087" errors="0" timestamp="2023-10-26T13:17:40 GMT">
  <testcase classname="parallelScripts.SampleFourTest" name="testFour" time="0.011"/>
  <testcase classname="parallelScripts.SampleFourTest" name="testOne" time="0.003"/>
  <testcase classname="parallelScripts.SampleFourTest" name="testThree" time="0.007"/>
  <testcase classname="parallelScripts.SampleFourTest" name="testTwo" time="0.003"/>
</testsuite> <!-- ModuleTwoTest -->
