<?xml version="1.0" encoding="UTF-8"?>
<testng-results ignored="0" total="1" passed="1" failed="0" skipped="0">
  <reporter-output>
  </reporter-output>
  <suite started-at="2023-10-31T09:48:25 GMT" name="Default suite" finished-at="2023-10-31T09:48:32 GMT" duration-ms="6593">
    <groups>
    </groups>
    <test started-at="2023-10-31T09:48:25 GMT" name="Default test" finished-at="2023-10-31T09:48:32 GMT" duration-ms="6593">
      <class name="testScripts.LoginPageTest">
        <test-method is-config="true" signature="setUp()[pri:0, instance:testScripts.LoginPageTest@57af006c]" started-at="2023-10-31T09:48:25 GMT" name="setUp" finished-at="2023-10-31T09:48:28 GMT" duration-ms="2958" status="PASS">
          <reporter-output>
          </reporter-output>
        </test-method> <!-- setUp -->
        <test-method signature="validLogin()[pri:0, instance:testScripts.LoginPageTest@57af006c]" started-at="2023-10-31T09:48:28 GMT" name="validLogin" finished-at="2023-10-31T09:48:32 GMT" duration-ms="3481" status="PASS">
          <reporter-output>
          </reporter-output>
        </test-method> <!-- validLogin -->
        <test-method is-config="true" signature="closeDriver()[pri:0, instance:testScripts.LoginPageTest@57af006c]" started-at="2023-10-31T09:48:32 GMT" name="closeDriver" finished-at="2023-10-31T09:48:32 GMT" duration-ms="108" status="PASS">
          <reporter-output>
          </reporter-output>
        </test-method> <!-- closeDriver -->
      </class> <!-- testScripts.LoginPageTest -->
    </test> <!-- Default test -->
  </suite> <!-- Default suite -->
</testng-results>
