<?xml version="1.0" encoding="UTF-8"?>
<testng-results ignored="1" total="2" passed="1" failed="0" skipped="0">
  <reporter-output>
  </reporter-output>
  <suite started-at="2023-10-25T14:19:21 GMT" name="Failed suite [SampleSuite]" finished-at="2023-10-25T14:19:28 GMT" duration-ms="7107">
    <groups>
    </groups>
    <test started-at="2023-10-25T14:19:21 GMT" name="ModuleOneTest(failed)" finished-at="2023-10-25T14:19:28 GMT" duration-ms="7107">
      <class name="testScripts.GooglePageTest">
        <test-method is-config="true" signature="driverSetup()[pri:0, instance:testScripts.GooglePageTest@272ed83b]" started-at="2023-10-25T14:19:21 GMT" name="driverSetup" finished-at="2023-10-25T14:19:23 GMT" duration-ms="2572" status="PASS">
          <reporter-output>
          </reporter-output>
        </test-method> <!-- driverSetup -->
        <test-method signature="javaSearchTest()[pri:0, instance:testScripts.GooglePageTest@272ed83b]" started-at="2023-10-25T14:19:23 GMT" name="javaSearchTest" finished-at="2023-10-25T14:19:28 GMT" duration-ms="4277" status="PASS">
          <reporter-output>
          </reporter-output>
        </test-method> <!-- javaSearchTest -->
        <test-method is-config="true" signature="closeDriver()[pri:0, instance:testScripts.GooglePageTest@272ed83b]" started-at="2023-10-25T14:19:28 GMT" name="closeDriver" finished-at="2023-10-25T14:19:28 GMT" duration-ms="214" status="PASS">
          <reporter-output>
          </reporter-output>
        </test-method> <!-- closeDriver -->
      </class> <!-- testScripts.GooglePageTest -->
    </test> <!-- ModuleOneTest(failed) -->
  </suite> <!-- Failed suite [SampleSuite] -->
</testng-results>
